2020-09-23 13:38:38,850 - train - INFO - Conv1dSpecVAE(
  (encoder): Sequential(
    (0): Conv1d(64, 32, kernel_size=(1,), stride=(1,))
    (1): BatchNorm1d(32, eps=1e-05, momentum=0.1, affine=True, track_running_stats=True)
    (2): Tanh()
    (3): Conv1d(32, 16, kernel_size=(3,), stride=(1,))
    (4): BatchNorm1d(16, eps=1e-05, momentum=0.1, affine=True, track_running_stats=True)
    (5): Tanh()
  )
  (encoder_fc): Sequential(
    (0): Linear(in_features=128, out_features=256, bias=True)
    (1): BatchNorm1d(256, eps=1e-05, momentum=0.1, affine=True, track_running_stats=True)
    (2): Tanh()
  )
  (mu_fc): Sequential(
    (0): Linear(in_features=256, out_features=32, bias=True)
  )
  (logvar_fc): Sequential(
    (0): Linear(in_features=256, out_features=32, bias=True)
  )
  (decoder_fc): Sequential(
    (0): Linear(in_features=32, out_features=256, bias=True)
    (1): BatchNorm1d(256, eps=1e-05, momentum=0.1, affine=True, track_running_stats=True)
    (2): Tanh()
    (3): Linear(in_features=256, out_features=128, bias=True)
    (4): BatchNorm1d(128, eps=1e-05, momentum=0.1, affine=True, track_running_stats=True)
    (5): Tanh()
  )
  (decoder): Sequential(
    (0): ConvTranspose1d(16, 32, kernel_size=(3,), stride=(1,))
    (1): BatchNorm1d(32, eps=1e-05, momentum=0.1, affine=True, track_running_stats=True)
    (2): Tanh()
    (3): ConvTranspose1d(32, 64, kernel_size=(1,), stride=(1,))
    (4): Tanh()
  )
)
Trainable parameters: 99568
2020-09-23 13:38:38,857 - trainer - WARNING - Warning: There's no GPU available on this machine,training will be performed on CPU.
2020-09-23 13:38:40,651 - trainer - INFO -     epoch          : 1
2020-09-23 13:38:40,652 - trainer - INFO -     loss           : 93527356.08510639
2020-09-23 13:38:40,652 - trainer - INFO -     loss_recon     : 93527291.74468085
2020-09-23 13:38:40,652 - trainer - INFO -     loss_kl        : 64.38535551314658
2020-09-23 13:38:40,652 - trainer - INFO -     val_loss       : 82244648.0
2020-09-23 13:38:40,652 - trainer - INFO -     val_loss_recon : 82244298.66666667
2020-09-23 13:38:40,652 - trainer - INFO -     val_loss_kl    : 349.4396057128906
2020-09-23 13:38:41,816 - trainer - INFO -     epoch          : 2
2020-09-23 13:38:41,817 - trainer - INFO -     loss           : 92880183.65957446
2020-09-23 13:38:41,817 - trainer - INFO -     loss_recon     : 92879765.27659574
2020-09-23 13:38:41,817 - trainer - INFO -     loss_kl        : 418.50840012570643
2020-09-23 13:38:41,817 - trainer - INFO -     val_loss       : 84388549.33333333
2020-09-23 13:38:41,817 - trainer - INFO -     val_loss_recon : 84388116.0
2020-09-23 13:38:41,817 - trainer - INFO -     val_loss_kl    : 433.6978454589844
2020-09-23 13:38:42,943 - trainer - INFO -     epoch          : 3
2020-09-23 13:38:42,944 - trainer - INFO -     loss           : 92632975.65957446
2020-09-23 13:38:42,944 - trainer - INFO -     loss_recon     : 92632198.29787233
2020-09-23 13:38:42,944 - trainer - INFO -     loss_kl        : 777.2781274673787
2020-09-23 13:38:42,944 - trainer - INFO -     val_loss       : 82234688.0
2020-09-23 13:38:42,944 - trainer - INFO -     val_loss_recon : 82232796.66666667
2020-09-23 13:38:42,944 - trainer - INFO -     val_loss_kl    : 1891.521464029948
2020-09-23 13:38:44,075 - trainer - INFO -     epoch          : 4
2020-09-23 13:38:44,076 - trainer - INFO -     loss           : 92547745.0212766
2020-09-23 13:38:44,076 - trainer - INFO -     loss_recon     : 92546294.12765957
2020-09-23 13:38:44,076 - trainer - INFO -     loss_kl        : 1450.6774837412734
2020-09-23 13:38:44,076 - trainer - INFO -     val_loss       : 81890016.0
2020-09-23 13:38:44,076 - trainer - INFO -     val_loss_recon : 81888018.16666667
2020-09-23 13:38:44,076 - trainer - INFO -     val_loss_kl    : 1998.765889485677
2020-09-23 13:38:45,231 - trainer - INFO -     epoch          : 5
2020-09-23 13:38:45,231 - trainer - INFO -     loss           : 92533272.85106383
2020-09-23 13:38:45,232 - trainer - INFO -     loss_recon     : 92531529.36170213
2020-09-23 13:38:45,232 - trainer - INFO -     loss_kl        : 1743.6015709410322
2020-09-23 13:38:45,232 - trainer - INFO -     val_loss       : 82010175.0
2020-09-23 13:38:45,232 - trainer - INFO -     val_loss_recon : 82009084.66666667
2020-09-23 13:38:45,232 - trainer - INFO -     val_loss_kl    : 1090.1644388834636
2020-09-23 13:38:46,363 - trainer - INFO -     epoch          : 6
2020-09-23 13:38:46,364 - trainer - INFO -     loss           : 92388631.14893617
2020-09-23 13:38:46,364 - trainer - INFO -     loss_recon     : 92387032.0
2020-09-23 13:38:46,364 - trainer - INFO -     loss_kl        : 1599.1795121862533
2020-09-23 13:38:46,364 - trainer - INFO -     val_loss       : 83487897.0
2020-09-23 13:38:46,364 - trainer - INFO -     val_loss_recon : 83486784.66666667
2020-09-23 13:38:46,364 - trainer - INFO -     val_loss_kl    : 1112.5091349283855
2020-09-23 13:38:47,523 - trainer - INFO -     epoch          : 7
2020-09-23 13:38:47,523 - trainer - INFO -     loss           : 92281400.34042554
2020-09-23 13:38:47,523 - trainer - INFO -     loss_recon     : 92279926.12765957
2020-09-23 13:38:47,523 - trainer - INFO -     loss_kl        : 1474.1082309154754
2020-09-23 13:38:47,524 - trainer - INFO -     val_loss       : 82698666.66666667
2020-09-23 13:38:47,524 - trainer - INFO -     val_loss_recon : 82697900.0
2020-09-23 13:38:47,524 - trainer - INFO -     val_loss_kl    : 766.4915568033854
2020-09-23 13:38:48,691 - trainer - INFO -     epoch          : 8
2020-09-23 13:38:48,691 - trainer - INFO -     loss           : 92073113.61702128
2020-09-23 13:38:48,691 - trainer - INFO -     loss_recon     : 92069737.19148937
2020-09-23 13:38:48,691 - trainer - INFO -     loss_kl        : 3376.701130319149
2020-09-23 13:38:48,691 - trainer - INFO -     val_loss       : 81614396.66666667
2020-09-23 13:38:48,692 - trainer - INFO -     val_loss_recon : 81608444.0
2020-09-23 13:38:48,692 - trainer - INFO -     val_loss_kl    : 5953.3192952473955
2020-09-23 13:38:49,855 - trainer - INFO -     epoch          : 9
2020-09-23 13:38:49,855 - trainer - INFO -     loss           : 91926207.4893617
2020-09-23 13:38:49,856 - trainer - INFO -     loss_recon     : 91917827.23404256
2020-09-23 13:38:49,856 - trainer - INFO -     loss_kl        : 8380.49504446476
2020-09-23 13:38:49,856 - trainer - INFO -     val_loss       : 81499472.66666667
2020-09-23 13:38:49,856 - trainer - INFO -     val_loss_recon : 81493432.33333333
2020-09-23 13:38:49,856 - trainer - INFO -     val_loss_kl    : 6040.658955891927
2020-09-23 13:38:51,034 - trainer - INFO -     epoch          : 10
2020-09-23 13:38:51,035 - trainer - INFO -     loss           : 91842263.65957446
2020-09-23 13:38:51,035 - trainer - INFO -     loss_recon     : 91838423.14893617
2020-09-23 13:38:51,035 - trainer - INFO -     loss_kl        : 3840.8103910405584
2020-09-23 13:38:51,035 - trainer - INFO -     val_loss       : 81485833.33333333
2020-09-23 13:38:51,035 - trainer - INFO -     val_loss_recon : 81483470.0
2020-09-23 13:38:51,035 - trainer - INFO -     val_loss_kl    : 2362.15087890625
2020-09-23 13:38:51,044 - trainer - INFO - Saving checkpoint: saved/models/Conv1dSpecVAE/0923_133838/checkpoint-epoch10.pth ...
2020-09-23 13:38:51,051 - trainer - INFO - Saving current best: model_best.pth ...
2020-09-23 13:38:52,330 - trainer - INFO -     epoch          : 11
2020-09-23 13:38:52,331 - trainer - INFO -     loss           : 91749815.82978724
2020-09-23 13:38:52,331 - trainer - INFO -     loss_recon     : 91746479.31914894
2020-09-23 13:38:52,331 - trainer - INFO -     loss_kl        : 3336.6373732546544
2020-09-23 13:38:52,331 - trainer - INFO -     val_loss       : 81453879.66666667
2020-09-23 13:38:52,331 - trainer - INFO -     val_loss_recon : 81447080.66666667
2020-09-23 13:38:52,331 - trainer - INFO -     val_loss_kl    : 6798.61669921875
2020-09-23 13:38:53,584 - trainer - INFO -     epoch          : 12
2020-09-23 13:38:53,585 - trainer - INFO -     loss           : 91618968.17021276
2020-09-23 13:38:53,585 - trainer - INFO -     loss_recon     : 91616303.4893617
2020-09-23 13:38:53,585 - trainer - INFO -     loss_kl        : 2665.06035987367
2020-09-23 13:38:53,585 - trainer - INFO -     val_loss       : 81343104.66666667
2020-09-23 13:38:53,585 - trainer - INFO -     val_loss_recon : 81341977.66666667
2020-09-23 13:38:53,585 - trainer - INFO -     val_loss_kl    : 1126.2793782552083
2020-09-23 13:38:54,760 - trainer - INFO -     epoch          : 13
2020-09-23 13:38:54,761 - trainer - INFO -     loss           : 91497410.38297872
2020-09-23 13:38:54,761 - trainer - INFO -     loss_recon     : 91495685.44680852
2020-09-23 13:38:54,761 - trainer - INFO -     loss_kl        : 1725.0560887113531
2020-09-23 13:38:54,761 - trainer - INFO -     val_loss       : 81270079.0
2020-09-23 13:38:54,761 - trainer - INFO -     val_loss_recon : 81268627.5
2020-09-23 13:38:54,761 - trainer - INFO -     val_loss_kl    : 1450.8703104654949
2020-09-23 13:38:55,911 - trainer - INFO -     epoch          : 14
2020-09-23 13:38:55,911 - trainer - INFO -     loss           : 91463763.23404256
2020-09-23 13:38:55,912 - trainer - INFO -     loss_recon     : 91462368.0
2020-09-23 13:38:55,912 - trainer - INFO -     loss_kl        : 1394.2412239237035
2020-09-23 13:38:55,912 - trainer - INFO -     val_loss       : 81259933.33333333
2020-09-23 13:38:55,912 - trainer - INFO -     val_loss_recon : 81258408.0
2020-09-23 13:38:55,912 - trainer - INFO -     val_loss_kl    : 1526.260518391927
2020-09-23 13:38:57,067 - trainer - INFO -     epoch          : 15
2020-09-23 13:38:57,068 - trainer - INFO -     loss           : 91448267.0638298
2020-09-23 13:38:57,068 - trainer - INFO -     loss_recon     : 91446608.0
2020-09-23 13:38:57,068 - trainer - INFO -     loss_kl        : 1659.1160888671875
2020-09-23 13:38:57,069 - trainer - INFO -     val_loss       : 81255430.33333333
2020-09-23 13:38:57,069 - trainer - INFO -     val_loss_recon : 81253746.66666667
2020-09-23 13:38:57,069 - trainer - INFO -     val_loss_kl    : 1681.4908854166667
2020-09-23 13:38:58,245 - trainer - INFO -     epoch          : 16
2020-09-23 13:38:58,246 - trainer - INFO -     loss           : 91441876.42553191
2020-09-23 13:38:58,246 - trainer - INFO -     loss_recon     : 91440512.85106383
2020-09-23 13:38:58,246 - trainer - INFO -     loss_kl        : 1363.4430373171542
2020-09-23 13:38:58,246 - trainer - INFO -     val_loss       : 81251631.66666667
2020-09-23 13:38:58,247 - trainer - INFO -     val_loss_recon : 81250516.0
2020-09-23 13:38:58,247 - trainer - INFO -     val_loss_kl    : 1113.8013203938801
2020-09-23 13:38:59,433 - trainer - INFO -     epoch          : 17
2020-09-23 13:38:59,434 - trainer - INFO -     loss           : 91438916.42553191
2020-09-23 13:38:59,434 - trainer - INFO -     loss_recon     : 91437749.27659574
2020-09-23 13:38:59,434 - trainer - INFO -     loss_kl        : 1167.0314357027094
2020-09-23 13:38:59,434 - trainer - INFO -     val_loss       : 81248031.66666667
2020-09-23 13:38:59,434 - trainer - INFO -     val_loss_recon : 81247077.33333333
2020-09-23 13:38:59,434 - trainer - INFO -     val_loss_kl    : 954.4986623128256
2020-09-23 13:39:00,619 - trainer - INFO -     epoch          : 18
2020-09-23 13:39:00,619 - trainer - INFO -     loss           : 91436476.59574468
2020-09-23 13:39:00,619 - trainer - INFO -     loss_recon     : 91435393.36170213
2020-09-23 13:39:00,619 - trainer - INFO -     loss_kl        : 1083.1189523250498
2020-09-23 13:39:00,619 - trainer - INFO -     val_loss       : 81247136.66666667
2020-09-23 13:39:00,620 - trainer - INFO -     val_loss_recon : 81246133.66666667
2020-09-23 13:39:00,620 - trainer - INFO -     val_loss_kl    : 1001.9548950195312
2020-09-23 13:39:01,879 - trainer - INFO -     epoch          : 19
2020-09-23 13:39:01,880 - trainer - INFO -     loss           : 91434405.10638298
2020-09-23 13:39:01,880 - trainer - INFO -     loss_recon     : 91433393.53191489
2020-09-23 13:39:01,880 - trainer - INFO -     loss_kl        : 1011.4427048703458
2020-09-23 13:39:01,880 - trainer - INFO -     val_loss       : 81246159.66666667
2020-09-23 13:39:01,880 - trainer - INFO -     val_loss_recon : 81245332.0
2020-09-23 13:39:01,880 - trainer - INFO -     val_loss_kl    : 825.3230692545573
2020-09-23 13:39:03,190 - trainer - INFO -     epoch          : 20
2020-09-23 13:39:03,191 - trainer - INFO -     loss           : 91432499.74468085
2020-09-23 13:39:03,191 - trainer - INFO -     loss_recon     : 91431603.0638298
2020-09-23 13:39:03,191 - trainer - INFO -     loss_kl        : 896.4884734458112
2020-09-23 13:39:03,191 - trainer - INFO -     val_loss       : 81244915.0
2020-09-23 13:39:03,191 - trainer - INFO -     val_loss_recon : 81244027.66666667
2020-09-23 13:39:03,191 - trainer - INFO -     val_loss_kl    : 889.1098836263021
2020-09-23 13:39:03,200 - trainer - INFO - Saving checkpoint: saved/models/Conv1dSpecVAE/0923_133838/checkpoint-epoch20.pth ...
2020-09-23 13:39:03,208 - trainer - INFO - Saving current best: model_best.pth ...
2020-09-23 13:39:04,559 - trainer - INFO -     epoch          : 21
2020-09-23 13:39:04,560 - trainer - INFO -     loss           : 91431281.53191489
2020-09-23 13:39:04,560 - trainer - INFO -     loss_recon     : 91430432.0
2020-09-23 13:39:04,560 - trainer - INFO -     loss_kl        : 849.7055521214262
2020-09-23 13:39:04,560 - trainer - INFO -     val_loss       : 81244377.33333333
2020-09-23 13:39:04,560 - trainer - INFO -     val_loss_recon : 81243490.83333333
2020-09-23 13:39:04,560 - trainer - INFO -     val_loss_kl    : 887.5850423177084
2020-09-23 13:39:05,912 - trainer - INFO -     epoch          : 22
2020-09-23 13:39:05,912 - trainer - INFO -     loss           : 91430663.14893617
2020-09-23 13:39:05,912 - trainer - INFO -     loss_recon     : 91429839.31914894
2020-09-23 13:39:05,912 - trainer - INFO -     loss_kl        : 823.5793015500333
2020-09-23 13:39:05,913 - trainer - INFO -     val_loss       : 81244294.66666667
2020-09-23 13:39:05,913 - trainer - INFO -     val_loss_recon : 81243513.66666667
2020-09-23 13:39:05,913 - trainer - INFO -     val_loss_kl    : 779.4996541341146
2020-09-23 13:39:07,174 - trainer - INFO -     epoch          : 23
2020-09-23 13:39:07,174 - trainer - INFO -     loss           : 91429496.5106383
2020-09-23 13:39:07,175 - trainer - INFO -     loss_recon     : 91428744.5106383
2020-09-23 13:39:07,175 - trainer - INFO -     loss_kl        : 751.9745950901762
2020-09-23 13:39:07,175 - trainer - INFO -     val_loss       : 81243191.0
2020-09-23 13:39:07,175 - trainer - INFO -     val_loss_recon : 81242512.0
2020-09-23 13:39:07,175 - trainer - INFO -     val_loss_kl    : 678.7149251302084
2020-09-23 13:39:08,348 - trainer - INFO -     epoch          : 24
2020-09-23 13:39:08,349 - trainer - INFO -     loss           : 91429063.65957446
2020-09-23 13:39:08,349 - trainer - INFO -     loss_recon     : 91428361.0212766
2020-09-23 13:39:08,350 - trainer - INFO -     loss_kl        : 701.9094601894947
2020-09-23 13:39:08,350 - trainer - INFO -     val_loss       : 81242946.33333333
2020-09-23 13:39:08,350 - trainer - INFO -     val_loss_recon : 81242299.33333333
2020-09-23 13:39:08,350 - trainer - INFO -     val_loss_kl    : 646.281972249349
2020-09-23 13:39:09,498 - trainer - INFO -     epoch          : 25
2020-09-23 13:39:09,499 - trainer - INFO -     loss           : 91428248.68085106
2020-09-23 13:39:09,499 - trainer - INFO -     loss_recon     : 91427540.42553191
2020-09-23 13:39:09,499 - trainer - INFO -     loss_kl        : 708.1816341318982
2020-09-23 13:39:09,499 - trainer - INFO -     val_loss       : 81242845.66666667
2020-09-23 13:39:09,499 - trainer - INFO -     val_loss_recon : 81242275.33333333
2020-09-23 13:39:09,499 - trainer - INFO -     val_loss_kl    : 571.0184173583984
2020-09-23 13:39:10,670 - trainer - INFO -     epoch          : 26
2020-09-23 13:39:10,670 - trainer - INFO -     loss           : 91427668.08510639
2020-09-23 13:39:10,671 - trainer - INFO -     loss_recon     : 91427003.40425532
2020-09-23 13:39:10,671 - trainer - INFO -     loss_kl        : 665.1061544215426
2020-09-23 13:39:10,671 - trainer - INFO -     val_loss       : 81241949.0
2020-09-23 13:39:10,671 - trainer - INFO -     val_loss_recon : 81241312.0
2020-09-23 13:39:10,671 - trainer - INFO -     val_loss_kl    : 637.3179982503256
2020-09-23 13:39:11,847 - trainer - INFO -     epoch          : 27
2020-09-23 13:39:11,848 - trainer - INFO -     loss           : 91427570.38297872
2020-09-23 13:39:11,848 - trainer - INFO -     loss_recon     : 91426942.63829787
2020-09-23 13:39:11,848 - trainer - INFO -     loss_kl        : 627.7779307263962
2020-09-23 13:39:11,848 - trainer - INFO -     val_loss       : 81242224.66666667
2020-09-23 13:39:11,848 - trainer - INFO -     val_loss_recon : 81241656.66666667
2020-09-23 13:39:11,848 - trainer - INFO -     val_loss_kl    : 568.5477650960287
2020-09-23 13:39:13,062 - trainer - INFO -     epoch          : 28
2020-09-23 13:39:13,062 - trainer - INFO -     loss           : 91427218.21276596
2020-09-23 13:39:13,062 - trainer - INFO -     loss_recon     : 91426608.85106383
2020-09-23 13:39:13,062 - trainer - INFO -     loss_kl        : 609.2449853775349
2020-09-23 13:39:13,063 - trainer - INFO -     val_loss       : 81241683.66666667
2020-09-23 13:39:13,063 - trainer - INFO -     val_loss_recon : 81241174.33333333
2020-09-23 13:39:13,063 - trainer - INFO -     val_loss_kl    : 509.4442443847656
2020-09-23 13:39:14,268 - trainer - INFO -     epoch          : 29
2020-09-23 13:39:14,269 - trainer - INFO -     loss           : 91426743.65957446
2020-09-23 13:39:14,269 - trainer - INFO -     loss_recon     : 91426157.61702128
2020-09-23 13:39:14,269 - trainer - INFO -     loss_kl        : 585.7066475076879
2020-09-23 13:39:14,269 - trainer - INFO -     val_loss       : 81241865.66666667
2020-09-23 13:39:14,269 - trainer - INFO -     val_loss_recon : 81241349.33333333
2020-09-23 13:39:14,269 - trainer - INFO -     val_loss_kl    : 516.1131693522135
2020-09-23 13:39:15,444 - trainer - INFO -     epoch          : 30
2020-09-23 13:39:15,445 - trainer - INFO -     loss           : 91426205.10638298
2020-09-23 13:39:15,445 - trainer - INFO -     loss_recon     : 91425623.31914894
2020-09-23 13:39:15,445 - trainer - INFO -     loss_kl        : 582.0745271723321
2020-09-23 13:39:15,445 - trainer - INFO -     val_loss       : 81241407.66666667
2020-09-23 13:39:15,445 - trainer - INFO -     val_loss_recon : 81240896.33333333
2020-09-23 13:39:15,445 - trainer - INFO -     val_loss_kl    : 509.9886525472005
2020-09-23 13:39:15,453 - trainer - INFO - Saving checkpoint: saved/models/Conv1dSpecVAE/0923_133838/checkpoint-epoch30.pth ...
2020-09-23 13:39:15,460 - trainer - INFO - Saving current best: model_best.pth ...
2020-09-23 13:39:16,641 - trainer - INFO -     epoch          : 31
2020-09-23 13:39:16,642 - trainer - INFO -     loss           : 91426024.34042554
2020-09-23 13:39:16,642 - trainer - INFO -     loss_recon     : 91425476.42553191
2020-09-23 13:39:16,642 - trainer - INFO -     loss_kl        : 548.1752520622091
2020-09-23 13:39:16,642 - trainer - INFO -     val_loss       : 81240859.66666667
2020-09-23 13:39:16,642 - trainer - INFO -     val_loss_recon : 81240348.33333333
2020-09-23 13:39:16,642 - trainer - INFO -     val_loss_kl    : 512.8425343831381
2020-09-23 13:39:17,835 - trainer - INFO -     epoch          : 32
2020-09-23 13:39:17,836 - trainer - INFO -     loss           : 91425864.5106383
2020-09-23 13:39:17,836 - trainer - INFO -     loss_recon     : 91425340.25531915
2020-09-23 13:39:17,836 - trainer - INFO -     loss_kl        : 523.4412536621094
2020-09-23 13:39:17,836 - trainer - INFO -     val_loss       : 81240845.66666667
2020-09-23 13:39:17,836 - trainer - INFO -     val_loss_recon : 81240363.33333333
2020-09-23 13:39:17,836 - trainer - INFO -     val_loss_kl    : 481.6506856282552
2020-09-23 13:39:19,017 - trainer - INFO -     epoch          : 33
2020-09-23 13:39:19,017 - trainer - INFO -     loss           : 91425861.95744681
2020-09-23 13:39:19,017 - trainer - INFO -     loss_recon     : 91425359.82978724
2020-09-23 13:39:19,018 - trainer - INFO -     loss_kl        : 502.0674854035073
2020-09-23 13:39:19,018 - trainer - INFO -     val_loss       : 81240625.33333333
2020-09-23 13:39:19,018 - trainer - INFO -     val_loss_recon : 81240190.66666667
2020-09-23 13:39:19,018 - trainer - INFO -     val_loss_kl    : 433.22757720947266
2020-09-23 13:39:20,198 - trainer - INFO -     epoch          : 34
2020-09-23 13:39:20,198 - trainer - INFO -     loss           : 91425460.08510639
2020-09-23 13:39:20,199 - trainer - INFO -     loss_recon     : 91424963.91489361
2020-09-23 13:39:20,199 - trainer - INFO -     loss_kl        : 496.0614390271775
2020-09-23 13:39:20,199 - trainer - INFO -     val_loss       : 81240714.0
2020-09-23 13:39:20,199 - trainer - INFO -     val_loss_recon : 81240255.83333333
2020-09-23 13:39:20,199 - trainer - INFO -     val_loss_kl    : 457.0451354980469
2020-09-23 13:39:21,377 - trainer - INFO -     epoch          : 35
2020-09-23 13:39:21,378 - trainer - INFO -     loss           : 91425173.10638298
2020-09-23 13:39:21,378 - trainer - INFO -     loss_recon     : 91424684.08510639
2020-09-23 13:39:21,378 - trainer - INFO -     loss_kl        : 488.581513100482
2020-09-23 13:39:21,378 - trainer - INFO -     val_loss       : 81240572.33333333
2020-09-23 13:39:21,378 - trainer - INFO -     val_loss_recon : 81240134.66666667
2020-09-23 13:39:21,378 - trainer - INFO -     val_loss_kl    : 436.89659118652344
2020-09-23 13:39:22,555 - trainer - INFO -     epoch          : 36
2020-09-23 13:39:22,555 - trainer - INFO -     loss           : 91425195.74468085
2020-09-23 13:39:22,556 - trainer - INFO -     loss_recon     : 91424722.89361702
2020-09-23 13:39:22,556 - trainer - INFO -     loss_kl        : 473.13238005942486
2020-09-23 13:39:22,556 - trainer - INFO -     val_loss       : 81240436.66666667
2020-09-23 13:39:22,556 - trainer - INFO -     val_loss_recon : 81240017.33333333
2020-09-23 13:39:22,556 - trainer - INFO -     val_loss_kl    : 420.9178873697917
2020-09-23 13:39:23,790 - trainer - INFO -     epoch          : 37
2020-09-23 13:39:23,790 - trainer - INFO -     loss           : 91425131.74468085
2020-09-23 13:39:23,790 - trainer - INFO -     loss_recon     : 91424671.31914894
2020-09-23 13:39:23,790 - trainer - INFO -     loss_kl        : 460.48492951088764
2020-09-23 13:39:23,790 - trainer - INFO -     val_loss       : 81240278.83333333
2020-09-23 13:39:23,791 - trainer - INFO -     val_loss_recon : 81239840.16666667
2020-09-23 13:39:23,791 - trainer - INFO -     val_loss_kl    : 440.0522003173828
2020-09-23 13:39:25,023 - trainer - INFO -     epoch          : 38
2020-09-23 13:39:25,023 - trainer - INFO -     loss           : 91424650.21276596
2020-09-23 13:39:25,023 - trainer - INFO -     loss_recon     : 91424201.0212766
2020-09-23 13:39:25,023 - trainer - INFO -     loss_kl        : 449.26281608419214
2020-09-23 13:39:25,023 - trainer - INFO -     val_loss       : 81240323.33333333
2020-09-23 13:39:25,023 - trainer - INFO -     val_loss_recon : 81239918.0
2020-09-23 13:39:25,024 - trainer - INFO -     val_loss_kl    : 405.6501159667969
2020-09-23 13:39:26,199 - trainer - INFO -     epoch          : 39
2020-09-23 13:39:26,200 - trainer - INFO -     loss           : 91425243.74468085
2020-09-23 13:39:26,200 - trainer - INFO -     loss_recon     : 91424813.95744681
2020-09-23 13:39:26,200 - trainer - INFO -     loss_kl        : 429.80420506254154
2020-09-23 13:39:26,200 - trainer - INFO -     val_loss       : 81240167.33333333
2020-09-23 13:39:26,200 - trainer - INFO -     val_loss_recon : 81239750.0
2020-09-23 13:39:26,200 - trainer - INFO -     val_loss_kl    : 416.604248046875
2020-09-23 13:39:27,382 - trainer - INFO -     epoch          : 40
2020-09-23 13:39:27,383 - trainer - INFO -     loss           : 91424561.0212766
2020-09-23 13:39:27,383 - trainer - INFO -     loss_recon     : 91424136.5106383
2020-09-23 13:39:27,383 - trainer - INFO -     loss_kl        : 424.21044077771774
2020-09-23 13:39:27,383 - trainer - INFO -     val_loss       : 81240050.66666667
2020-09-23 13:39:27,383 - trainer - INFO -     val_loss_recon : 81239665.66666667
2020-09-23 13:39:27,384 - trainer - INFO -     val_loss_kl    : 384.4004872639974
2020-09-23 13:39:27,392 - trainer - INFO - Saving checkpoint: saved/models/Conv1dSpecVAE/0923_133838/checkpoint-epoch40.pth ...
2020-09-23 13:39:27,399 - trainer - INFO - Saving current best: model_best.pth ...
2020-09-23 13:39:28,614 - trainer - INFO -     epoch          : 41
2020-09-23 13:39:28,615 - trainer - INFO -     loss           : 91424309.27659574
2020-09-23 13:39:28,615 - trainer - INFO -     loss_recon     : 91423895.65957446
2020-09-23 13:39:28,615 - trainer - INFO -     loss_kl        : 413.3646883051446
2020-09-23 13:39:28,615 - trainer - INFO -     val_loss       : 81239753.66666667
2020-09-23 13:39:28,615 - trainer - INFO -     val_loss_recon : 81239417.33333333
2020-09-23 13:39:28,615 - trainer - INFO -     val_loss_kl    : 336.47708384195965
2020-09-23 13:39:29,828 - trainer - INFO -     epoch          : 42
2020-09-23 13:39:29,829 - trainer - INFO -     loss           : 91424395.40425532
2020-09-23 13:39:29,829 - trainer - INFO -     loss_recon     : 91423987.40425532
2020-09-23 13:39:29,829 - trainer - INFO -     loss_kl        : 407.7452580878075
2020-09-23 13:39:29,829 - trainer - INFO -     val_loss       : 81239828.66666667
2020-09-23 13:39:29,829 - trainer - INFO -     val_loss_recon : 81239472.33333333
2020-09-23 13:39:29,829 - trainer - INFO -     val_loss_kl    : 357.1288604736328
2020-09-23 13:39:31,040 - trainer - INFO -     epoch          : 43
2020-09-23 13:39:31,041 - trainer - INFO -     loss           : 91424127.14893617
2020-09-23 13:39:31,041 - trainer - INFO -     loss_recon     : 91423732.25531915
2020-09-23 13:39:31,041 - trainer - INFO -     loss_kl        : 394.82039106653093
2020-09-23 13:39:31,041 - trainer - INFO -     val_loss       : 81239778.66666667
2020-09-23 13:39:31,041 - trainer - INFO -     val_loss_recon : 81239379.0
2020-09-23 13:39:31,041 - trainer - INFO -     val_loss_kl    : 399.41661071777344
2020-09-23 13:39:32,255 - trainer - INFO -     epoch          : 44
2020-09-23 13:39:32,255 - trainer - INFO -     loss           : 91424107.74468085
2020-09-23 13:39:32,256 - trainer - INFO -     loss_recon     : 91423720.0
2020-09-23 13:39:32,256 - trainer - INFO -     loss_kl        : 387.388480328499
2020-09-23 13:39:32,256 - trainer - INFO -     val_loss       : 81239735.66666667
2020-09-23 13:39:32,256 - trainer - INFO -     val_loss_recon : 81239386.66666667
2020-09-23 13:39:32,256 - trainer - INFO -     val_loss_kl    : 349.0198923746745
2020-09-23 13:39:33,459 - trainer - INFO -     epoch          : 45
2020-09-23 13:39:33,459 - trainer - INFO -     loss           : 91423907.57446809
2020-09-23 13:39:33,460 - trainer - INFO -     loss_recon     : 91423525.44680852
2020-09-23 13:39:33,460 - trainer - INFO -     loss_kl        : 381.6094685006649
2020-09-23 13:39:33,460 - trainer - INFO -     val_loss       : 81239671.0
2020-09-23 13:39:33,460 - trainer - INFO -     val_loss_recon : 81239304.0
2020-09-23 13:39:33,460 - trainer - INFO -     val_loss_kl    : 366.01115163167316
2020-09-23 13:39:34,645 - trainer - INFO -     epoch          : 46
2020-09-23 13:39:34,645 - trainer - INFO -     loss           : 91424101.10638298
2020-09-23 13:39:34,645 - trainer - INFO -     loss_recon     : 91423733.78723404
2020-09-23 13:39:34,646 - trainer - INFO -     loss_kl        : 367.69311068920376
2020-09-23 13:39:34,646 - trainer - INFO -     val_loss       : 81239656.0
2020-09-23 13:39:34,646 - trainer - INFO -     val_loss_recon : 81239244.33333333
2020-09-23 13:39:34,646 - trainer - INFO -     val_loss_kl    : 410.46493275960285
2020-09-23 13:39:35,850 - trainer - INFO -     epoch          : 47
2020-09-23 13:39:35,851 - trainer - INFO -     loss           : 91423836.08510639
2020-09-23 13:39:35,851 - trainer - INFO -     loss_recon     : 91423467.40425532
2020-09-23 13:39:35,851 - trainer - INFO -     loss_kl        : 368.9345099266539
2020-09-23 13:39:35,851 - trainer - INFO -     val_loss       : 81239532.66666667
2020-09-23 13:39:35,851 - trainer - INFO -     val_loss_recon : 81239198.0
2020-09-23 13:39:35,851 - trainer - INFO -     val_loss_kl    : 332.7387339274089
2020-09-23 13:39:37,062 - trainer - INFO -     epoch          : 48
2020-09-23 13:39:37,063 - trainer - INFO -     loss           : 91423680.34042554
2020-09-23 13:39:37,063 - trainer - INFO -     loss_recon     : 91423323.91489361
2020-09-23 13:39:37,063 - trainer - INFO -     loss_kl        : 356.7200661517204
2020-09-23 13:39:37,064 - trainer - INFO -     val_loss       : 81239410.0
2020-09-23 13:39:37,064 - trainer - INFO -     val_loss_recon : 81239089.33333333
2020-09-23 13:39:37,064 - trainer - INFO -     val_loss_kl    : 320.6703643798828
2020-09-23 13:39:38,281 - trainer - INFO -     epoch          : 49
2020-09-23 13:39:38,281 - trainer - INFO -     loss           : 91423650.89361702
2020-09-23 13:39:38,281 - trainer - INFO -     loss_recon     : 91423302.46808511
2020-09-23 13:39:38,281 - trainer - INFO -     loss_kl        : 348.317780839636
2020-09-23 13:39:38,281 - trainer - INFO -     val_loss       : 81239499.66666667
2020-09-23 13:39:38,282 - trainer - INFO -     val_loss_recon : 81239167.0
2020-09-23 13:39:38,282 - trainer - INFO -     val_loss_kl    : 331.62371317545575
2020-09-23 13:39:39,489 - trainer - INFO -     epoch          : 50
2020-09-23 13:39:39,489 - trainer - INFO -     loss           : 91423656.0
2020-09-23 13:39:39,489 - trainer - INFO -     loss_recon     : 91423311.31914894
2020-09-23 13:39:39,489 - trainer - INFO -     loss_kl        : 345.2063183074302
2020-09-23 13:39:39,489 - trainer - INFO -     val_loss       : 81239448.33333333
2020-09-23 13:39:39,490 - trainer - INFO -     val_loss_recon : 81239145.0
2020-09-23 13:39:39,490 - trainer - INFO -     val_loss_kl    : 302.50897216796875
2020-09-23 13:39:39,498 - trainer - INFO - Saving checkpoint: saved/models/Conv1dSpecVAE/0923_133838/checkpoint-epoch50.pth ...
2020-09-23 13:39:40,712 - trainer - INFO -     epoch          : 51
2020-09-23 13:39:40,713 - trainer - INFO -     loss           : 91423557.10638298
2020-09-23 13:39:40,713 - trainer - INFO -     loss_recon     : 91423212.25531915
2020-09-23 13:39:40,713 - trainer - INFO -     loss_kl        : 345.4776773655668
2020-09-23 13:39:40,714 - trainer - INFO -     val_loss       : 81239508.33333333
2020-09-23 13:39:40,714 - trainer - INFO -     val_loss_recon : 81239159.33333333
2020-09-23 13:39:40,714 - trainer - INFO -     val_loss_kl    : 348.233403523763
2020-09-23 13:39:41,907 - trainer - INFO -     epoch          : 52
2020-09-23 13:39:41,908 - trainer - INFO -     loss           : 91423554.38297872
2020-09-23 13:39:41,908 - trainer - INFO -     loss_recon     : 91423208.85106383
2020-09-23 13:39:41,908 - trainer - INFO -     loss_kl        : 345.699913511885
2020-09-23 13:39:41,908 - trainer - INFO -     val_loss       : 81239491.66666667
2020-09-23 13:39:41,908 - trainer - INFO -     val_loss_recon : 81239143.33333333
2020-09-23 13:39:41,908 - trainer - INFO -     val_loss_kl    : 348.15536244710285
2020-09-23 13:39:43,116 - trainer - INFO -     epoch          : 53
2020-09-23 13:39:43,117 - trainer - INFO -     loss           : 91423541.61702128
2020-09-23 13:39:43,117 - trainer - INFO -     loss_recon     : 91423200.5106383
2020-09-23 13:39:43,117 - trainer - INFO -     loss_kl        : 340.5553381087932
2020-09-23 13:39:43,117 - trainer - INFO -     val_loss       : 81239358.0
2020-09-23 13:39:43,117 - trainer - INFO -     val_loss_recon : 81239030.0
2020-09-23 13:39:43,117 - trainer - INFO -     val_loss_kl    : 327.5826237996419
2020-09-23 13:39:44,382 - trainer - INFO -     epoch          : 54
2020-09-23 13:39:44,382 - trainer - INFO -     loss           : 91423555.0638298
2020-09-23 13:39:44,383 - trainer - INFO -     loss_recon     : 91423211.74468085
2020-09-23 13:39:44,383 - trainer - INFO -     loss_kl        : 343.7339224308095
2020-09-23 13:39:44,383 - trainer - INFO -     val_loss       : 81239427.66666667
2020-09-23 13:39:44,383 - trainer - INFO -     val_loss_recon : 81239113.66666667
2020-09-23 13:39:44,383 - trainer - INFO -     val_loss_kl    : 314.24578348795575
2020-09-23 13:39:45,720 - trainer - INFO -     epoch          : 55
2020-09-23 13:39:45,721 - trainer - INFO -     loss           : 91423503.82978724
2020-09-23 13:39:45,721 - trainer - INFO -     loss_recon     : 91423160.0
2020-09-23 13:39:45,721 - trainer - INFO -     loss_kl        : 343.4552235704787
2020-09-23 13:39:45,721 - trainer - INFO -     val_loss       : 81239448.0
2020-09-23 13:39:45,721 - trainer - INFO -     val_loss_recon : 81239125.33333333
2020-09-23 13:39:45,722 - trainer - INFO -     val_loss_kl    : 321.96405029296875
2020-09-23 13:39:47,063 - trainer - INFO -     epoch          : 56
2020-09-23 13:39:47,064 - trainer - INFO -     loss           : 91423508.08510639
2020-09-23 13:39:47,064 - trainer - INFO -     loss_recon     : 91423167.82978724
2020-09-23 13:39:47,064 - trainer - INFO -     loss_kl        : 340.73485873607876
2020-09-23 13:39:47,064 - trainer - INFO -     val_loss       : 81239245.66666667
2020-09-23 13:39:47,064 - trainer - INFO -     val_loss_recon : 81238921.0
2020-09-23 13:39:47,064 - trainer - INFO -     val_loss_kl    : 325.8986358642578
2020-09-23 13:39:48,328 - trainer - INFO -     epoch          : 57
2020-09-23 13:39:48,328 - trainer - INFO -     loss           : 91423504.0
2020-09-23 13:39:48,328 - trainer - INFO -     loss_recon     : 91423166.12765957
2020-09-23 13:39:48,328 - trainer - INFO -     loss_kl        : 338.50999677942156
2020-09-23 13:39:48,328 - trainer - INFO -     val_loss       : 81239463.16666667
2020-09-23 13:39:48,329 - trainer - INFO -     val_loss_recon : 81239092.83333333
2020-09-23 13:39:48,329 - trainer - INFO -     val_loss_kl    : 369.53443145751953
2020-09-23 13:39:49,550 - trainer - INFO -     epoch          : 58
2020-09-23 13:39:49,551 - trainer - INFO -     loss           : 91423520.34042554
2020-09-23 13:39:49,551 - trainer - INFO -     loss_recon     : 91423181.95744681
2020-09-23 13:39:49,551 - trainer - INFO -     loss_kl        : 338.33490185027426
2020-09-23 13:39:49,551 - trainer - INFO -     val_loss       : 81239408.66666667
2020-09-23 13:39:49,551 - trainer - INFO -     val_loss_recon : 81239088.16666667
2020-09-23 13:39:49,551 - trainer - INFO -     val_loss_kl    : 320.89693450927734
2020-09-23 13:39:50,746 - trainer - INFO -     epoch          : 59
2020-09-23 13:39:50,746 - trainer - INFO -     loss           : 91423539.57446809
2020-09-23 13:39:50,747 - trainer - INFO -     loss_recon     : 91423200.85106383
2020-09-23 13:39:50,747 - trainer - INFO -     loss_kl        : 339.17979463617854
2020-09-23 13:39:50,747 - trainer - INFO -     val_loss       : 81239380.0
2020-09-23 13:39:50,747 - trainer - INFO -     val_loss_recon : 81239053.33333333
2020-09-23 13:39:50,747 - trainer - INFO -     val_loss_kl    : 326.2618001302083
2020-09-23 13:39:51,920 - trainer - INFO -     epoch          : 60
2020-09-23 13:39:51,920 - trainer - INFO -     loss           : 91423472.68085106
2020-09-23 13:39:51,920 - trainer - INFO -     loss_recon     : 91423133.44680852
2020-09-23 13:39:51,920 - trainer - INFO -     loss_kl        : 338.965211908868
2020-09-23 13:39:51,921 - trainer - INFO -     val_loss       : 81239381.66666667
2020-09-23 13:39:51,921 - trainer - INFO -     val_loss_recon : 81239036.16666667
2020-09-23 13:39:51,921 - trainer - INFO -     val_loss_kl    : 344.1793518066406
2020-09-23 13:39:51,929 - trainer - INFO - Saving checkpoint: saved/models/Conv1dSpecVAE/0923_133838/checkpoint-epoch60.pth ...
2020-09-23 13:39:53,142 - trainer - INFO -     epoch          : 61
2020-09-23 13:39:53,142 - trainer - INFO -     loss           : 91423614.12765957
2020-09-23 13:39:53,142 - trainer - INFO -     loss_recon     : 91423278.63829787
2020-09-23 13:39:53,142 - trainer - INFO -     loss_kl        : 335.06083581802693
2020-09-23 13:39:53,143 - trainer - INFO -     val_loss       : 81239350.66666667
2020-09-23 13:39:53,143 - trainer - INFO -     val_loss_recon : 81239067.33333333
2020-09-23 13:39:53,143 - trainer - INFO -     val_loss_kl    : 282.6262016296387
2020-09-23 13:39:54,360 - trainer - INFO -     epoch          : 62
2020-09-23 13:39:54,361 - trainer - INFO -     loss           : 91423562.89361702
2020-09-23 13:39:54,361 - trainer - INFO -     loss_recon     : 91423229.44680852
2020-09-23 13:39:54,361 - trainer - INFO -     loss_kl        : 333.7720083683095
2020-09-23 13:39:54,361 - trainer - INFO -     val_loss       : 81239369.33333333
2020-09-23 13:39:54,361 - trainer - INFO -     val_loss_recon : 81239056.33333333
2020-09-23 13:39:54,361 - trainer - INFO -     val_loss_kl    : 312.4798100789388
2020-09-23 13:39:55,628 - trainer - INFO -     epoch          : 63
2020-09-23 13:39:55,629 - trainer - INFO -     loss           : 91423469.10638298
2020-09-23 13:39:55,629 - trainer - INFO -     loss_recon     : 91423131.23404256
2020-09-23 13:39:55,629 - trainer - INFO -     loss_kl        : 337.58459602518286
2020-09-23 13:39:55,629 - trainer - INFO -     val_loss       : 81239342.33333333
2020-09-23 13:39:55,629 - trainer - INFO -     val_loss_recon : 81239027.0
2020-09-23 13:39:55,629 - trainer - INFO -     val_loss_kl    : 315.2853062947591
2020-09-23 13:39:56,864 - trainer - INFO -     epoch          : 64
2020-09-23 13:39:56,865 - trainer - INFO -     loss           : 91423475.40425532
2020-09-23 13:39:56,865 - trainer - INFO -     loss_recon     : 91423137.87234043
2020-09-23 13:39:56,865 - trainer - INFO -     loss_kl        : 337.3710437531167
2020-09-23 13:39:56,865 - trainer - INFO -     val_loss       : 81239407.66666667
2020-09-23 13:39:56,865 - trainer - INFO -     val_loss_recon : 81239099.33333333
2020-09-23 13:39:56,865 - trainer - INFO -     val_loss_kl    : 307.7865498860677
2020-09-23 13:39:58,087 - trainer - INFO -     epoch          : 65
2020-09-23 13:39:58,088 - trainer - INFO -     loss           : 91423426.04255319
2020-09-23 13:39:58,088 - trainer - INFO -     loss_recon     : 91423088.0
2020-09-23 13:39:58,088 - trainer - INFO -     loss_kl        : 337.8402554126496
2020-09-23 13:39:58,088 - trainer - INFO -     val_loss       : 81239425.33333333
2020-09-23 13:39:58,088 - trainer - INFO -     val_loss_recon : 81239105.0
2020-09-23 13:39:58,088 - trainer - INFO -     val_loss_kl    : 321.26742299397785
2020-09-23 13:39:59,280 - trainer - INFO -     epoch          : 66
2020-09-23 13:39:59,280 - trainer - INFO -     loss           : 91423533.10638298
2020-09-23 13:39:59,281 - trainer - INFO -     loss_recon     : 91423197.44680852
2020-09-23 13:39:59,281 - trainer - INFO -     loss_kl        : 335.4827257521609
2020-09-23 13:39:59,281 - trainer - INFO -     val_loss       : 81239539.33333333
2020-09-23 13:39:59,281 - trainer - INFO -     val_loss_recon : 81239218.33333333
2020-09-23 13:39:59,281 - trainer - INFO -     val_loss_kl    : 319.4972635904948
2020-09-23 13:40:00,512 - trainer - INFO -     epoch          : 67
2020-09-23 13:40:00,513 - trainer - INFO -     loss           : 91423475.23404256
2020-09-23 13:40:00,513 - trainer - INFO -     loss_recon     : 91423135.65957446
2020-09-23 13:40:00,513 - trainer - INFO -     loss_kl        : 339.434953405502
2020-09-23 13:40:00,513 - trainer - INFO -     val_loss       : 81239294.33333333
2020-09-23 13:40:00,513 - trainer - INFO -     val_loss_recon : 81238967.66666667
2020-09-23 13:40:00,513 - trainer - INFO -     val_loss_kl    : 326.7737782796224
2020-09-23 13:40:01,769 - trainer - INFO -     epoch          : 68
2020-09-23 13:40:01,769 - trainer - INFO -     loss           : 91423557.95744681
2020-09-23 13:40:01,770 - trainer - INFO -     loss_recon     : 91423223.31914894
2020-09-23 13:40:01,770 - trainer - INFO -     loss_kl        : 334.33401164602725
2020-09-23 13:40:01,770 - trainer - INFO -     val_loss       : 81239391.66666667
2020-09-23 13:40:01,770 - trainer - INFO -     val_loss_recon : 81239084.0
2020-09-23 13:40:01,770 - trainer - INFO -     val_loss_kl    : 308.5330556233724
2020-09-23 13:40:03,016 - trainer - INFO -     epoch          : 69
2020-09-23 13:40:03,017 - trainer - INFO -     loss           : 91423390.29787233
2020-09-23 13:40:03,017 - trainer - INFO -     loss_recon     : 91423054.46808511
2020-09-23 13:40:03,017 - trainer - INFO -     loss_kl        : 335.9006256752826
2020-09-23 13:40:03,017 - trainer - INFO -     val_loss       : 81239394.83333333
2020-09-23 13:40:03,017 - trainer - INFO -     val_loss_recon : 81239046.66666667
2020-09-23 13:40:03,018 - trainer - INFO -     val_loss_kl    : 348.28165435791016
2020-09-23 13:40:04,231 - trainer - INFO -     epoch          : 70
2020-09-23 13:40:04,232 - trainer - INFO -     loss           : 91423450.04255319
2020-09-23 13:40:04,232 - trainer - INFO -     loss_recon     : 91423115.91489361
2020-09-23 13:40:04,232 - trainer - INFO -     loss_kl        : 334.2454093770778
2020-09-23 13:40:04,232 - trainer - INFO -     val_loss       : 81239360.66666667
2020-09-23 13:40:04,232 - trainer - INFO -     val_loss_recon : 81239065.66666667
2020-09-23 13:40:04,232 - trainer - INFO -     val_loss_kl    : 295.31763712565106
2020-09-23 13:40:04,241 - trainer - INFO - Saving checkpoint: saved/models/Conv1dSpecVAE/0923_133838/checkpoint-epoch70.pth ...
2020-09-23 13:40:05,445 - trainer - INFO -     epoch          : 71
2020-09-23 13:40:05,446 - trainer - INFO -     loss           : 91423526.63829787
2020-09-23 13:40:05,446 - trainer - INFO -     loss_recon     : 91423192.5106383
2020-09-23 13:40:05,446 - trainer - INFO -     loss_kl        : 333.6904628023188
2020-09-23 13:40:05,446 - trainer - INFO -     val_loss       : 81239423.66666667
2020-09-23 13:40:05,446 - trainer - INFO -     val_loss_recon : 81239109.0
2020-09-23 13:40:05,446 - trainer - INFO -     val_loss_kl    : 314.8458429972331
2020-09-23 13:40:06,651 - trainer - INFO -     epoch          : 72
2020-09-23 13:40:06,652 - trainer - INFO -     loss           : 91423438.80851063
2020-09-23 13:40:06,652 - trainer - INFO -     loss_recon     : 91423112.5106383
2020-09-23 13:40:06,652 - trainer - INFO -     loss_kl        : 326.17430536797707
2020-09-23 13:40:06,652 - trainer - INFO -     val_loss       : 81239437.83333333
2020-09-23 13:40:06,652 - trainer - INFO -     val_loss_recon : 81239123.33333333
2020-09-23 13:40:06,652 - trainer - INFO -     val_loss_kl    : 315.3788146972656
2020-09-23 13:40:07,853 - trainer - INFO -     epoch          : 73
2020-09-23 13:40:07,853 - trainer - INFO -     loss           : 91423461.44680852
2020-09-23 13:40:07,853 - trainer - INFO -     loss_recon     : 91423129.36170213
2020-09-23 13:40:07,854 - trainer - INFO -     loss_kl        : 331.84382726791057
2020-09-23 13:40:07,854 - trainer - INFO -     val_loss       : 81239403.16666667
2020-09-23 13:40:07,854 - trainer - INFO -     val_loss_recon : 81239046.83333333
2020-09-23 13:40:07,854 - trainer - INFO -     val_loss_kl    : 356.7351353963216
2020-09-23 13:40:09,067 - trainer - INFO -     epoch          : 74
2020-09-23 13:40:09,067 - trainer - INFO -     loss           : 91423462.46808511
2020-09-23 13:40:09,068 - trainer - INFO -     loss_recon     : 91423131.23404256
2020-09-23 13:40:09,068 - trainer - INFO -     loss_kl        : 331.479984364611
2020-09-23 13:40:09,068 - trainer - INFO -     val_loss       : 81239285.66666667
2020-09-23 13:40:09,068 - trainer - INFO -     val_loss_recon : 81238979.66666667
2020-09-23 13:40:09,068 - trainer - INFO -     val_loss_kl    : 306.4621073404948
2020-09-23 13:40:10,263 - trainer - INFO -     epoch          : 75
2020-09-23 13:40:10,264 - trainer - INFO -     loss           : 91423603.40425532
2020-09-23 13:40:10,264 - trainer - INFO -     loss_recon     : 91423270.29787233
2020-09-23 13:40:10,264 - trainer - INFO -     loss_kl        : 333.10140406831783
2020-09-23 13:40:10,264 - trainer - INFO -     val_loss       : 81239331.33333333
2020-09-23 13:40:10,264 - trainer - INFO -     val_loss_recon : 81239004.66666667
2020-09-23 13:40:10,264 - trainer - INFO -     val_loss_kl    : 327.7700907389323
2020-09-23 13:40:11,464 - trainer - INFO -     epoch          : 76
2020-09-23 13:40:11,465 - trainer - INFO -     loss           : 91423383.82978724
2020-09-23 13:40:11,465 - trainer - INFO -     loss_recon     : 91423054.80851063
2020-09-23 13:40:11,465 - trainer - INFO -     loss_kl        : 329.28456148188167
2020-09-23 13:40:11,466 - trainer - INFO -     val_loss       : 81239225.0
2020-09-23 13:40:11,466 - trainer - INFO -     val_loss_recon : 81238948.66666667
2020-09-23 13:40:11,466 - trainer - INFO -     val_loss_kl    : 276.96323649088544
2020-09-23 13:40:12,702 - trainer - INFO -     epoch          : 77
2020-09-23 13:40:12,703 - trainer - INFO -     loss           : 91423394.04255319
2020-09-23 13:40:12,703 - trainer - INFO -     loss_recon     : 91423064.68085106
2020-09-23 13:40:12,703 - trainer - INFO -     loss_kl        : 329.7455165132563
2020-09-23 13:40:12,703 - trainer - INFO -     val_loss       : 81239278.66666667
2020-09-23 13:40:12,703 - trainer - INFO -     val_loss_recon : 81238957.33333333
2020-09-23 13:40:12,703 - trainer - INFO -     val_loss_kl    : 321.849614461263
2020-09-23 13:40:13,938 - trainer - INFO -     epoch          : 78
2020-09-23 13:40:13,938 - trainer - INFO -     loss           : 91423440.5106383
2020-09-23 13:40:13,938 - trainer - INFO -     loss_recon     : 91423108.42553191
2020-09-23 13:40:13,938 - trainer - INFO -     loss_kl        : 331.7490951862741
2020-09-23 13:40:13,938 - trainer - INFO -     val_loss       : 81239340.66666667
2020-09-23 13:40:13,939 - trainer - INFO -     val_loss_recon : 81238973.33333333
2020-09-23 13:40:13,939 - trainer - INFO -     val_loss_kl    : 367.96770731608075
2020-09-23 13:40:15,150 - trainer - INFO -     epoch          : 79
2020-09-23 13:40:15,151 - trainer - INFO -     loss           : 91423377.19148937
2020-09-23 13:40:15,151 - trainer - INFO -     loss_recon     : 91423048.17021276
2020-09-23 13:40:15,151 - trainer - INFO -     loss_kl        : 329.1137007043717
2020-09-23 13:40:15,151 - trainer - INFO -     val_loss       : 81239375.66666667
2020-09-23 13:40:15,151 - trainer - INFO -     val_loss_recon : 81239092.0
2020-09-23 13:40:15,152 - trainer - INFO -     val_loss_kl    : 282.8507537841797
2020-09-23 13:40:16,352 - trainer - INFO -     epoch          : 80
2020-09-23 13:40:16,352 - trainer - INFO -     loss           : 91423510.9787234
2020-09-23 13:40:16,353 - trainer - INFO -     loss_recon     : 91423181.27659574
2020-09-23 13:40:16,353 - trainer - INFO -     loss_kl        : 329.7919253085522
2020-09-23 13:40:16,353 - trainer - INFO -     val_loss       : 81239308.66666667
2020-09-23 13:40:16,353 - trainer - INFO -     val_loss_recon : 81238988.66666667
2020-09-23 13:40:16,353 - trainer - INFO -     val_loss_kl    : 320.1783676147461
2020-09-23 13:40:16,362 - trainer - INFO - Saving checkpoint: saved/models/Conv1dSpecVAE/0923_133838/checkpoint-epoch80.pth ...
2020-09-23 13:40:17,574 - trainer - INFO -     epoch          : 81
2020-09-23 13:40:17,575 - trainer - INFO -     loss           : 91423413.78723404
2020-09-23 13:40:17,575 - trainer - INFO -     loss_recon     : 91423085.78723404
2020-09-23 13:40:17,575 - trainer - INFO -     loss_kl        : 327.9456878012799
2020-09-23 13:40:17,575 - trainer - INFO -     val_loss       : 81239224.33333333
2020-09-23 13:40:17,575 - trainer - INFO -     val_loss_recon : 81238914.0
2020-09-23 13:40:17,575 - trainer - INFO -     val_loss_kl    : 310.83445231119794
2020-09-23 13:40:18,805 - trainer - INFO -     epoch          : 82
2020-09-23 13:40:18,806 - trainer - INFO -     loss           : 91423384.17021276
2020-09-23 13:40:18,806 - trainer - INFO -     loss_recon     : 91423055.65957446
2020-09-23 13:40:18,806 - trainer - INFO -     loss_kl        : 327.9555787431433
2020-09-23 13:40:18,806 - trainer - INFO -     val_loss       : 81239365.16666667
2020-09-23 13:40:18,806 - trainer - INFO -     val_loss_recon : 81239042.0
2020-09-23 13:40:18,806 - trainer - INFO -     val_loss_kl    : 324.7303695678711
2020-09-23 13:40:20,008 - trainer - INFO -     epoch          : 83
2020-09-23 13:40:20,008 - trainer - INFO -     loss           : 91423375.65957446
2020-09-23 13:40:20,008 - trainer - INFO -     loss_recon     : 91423048.17021276
2020-09-23 13:40:20,008 - trainer - INFO -     loss_kl        : 327.4304556339345
2020-09-23 13:40:20,008 - trainer - INFO -     val_loss       : 81239386.5
2020-09-23 13:40:20,008 - trainer - INFO -     val_loss_recon : 81239058.5
2020-09-23 13:40:20,009 - trainer - INFO -     val_loss_kl    : 326.9711659749349
2020-09-23 13:40:21,231 - trainer - INFO -     epoch          : 84
2020-09-23 13:40:21,231 - trainer - INFO -     loss           : 91423411.91489361
2020-09-23 13:40:21,231 - trainer - INFO -     loss_recon     : 91423083.57446809
2020-09-23 13:40:21,231 - trainer - INFO -     loss_kl        : 328.72956231299867
2020-09-23 13:40:21,232 - trainer - INFO -     val_loss       : 81239330.0
2020-09-23 13:40:21,232 - trainer - INFO -     val_loss_recon : 81239034.33333333
2020-09-23 13:40:21,232 - trainer - INFO -     val_loss_kl    : 295.2523447672526
2020-09-23 13:40:22,464 - trainer - INFO -     epoch          : 85
2020-09-23 13:40:22,464 - trainer - INFO -     loss           : 91423402.38297872
2020-09-23 13:40:22,464 - trainer - INFO -     loss_recon     : 91423071.14893617
2020-09-23 13:40:22,464 - trainer - INFO -     loss_kl        : 331.7013179697889
2020-09-23 13:40:22,464 - trainer - INFO -     val_loss       : 81239262.0
2020-09-23 13:40:22,465 - trainer - INFO -     val_loss_recon : 81238979.0
2020-09-23 13:40:22,465 - trainer - INFO -     val_loss_kl    : 283.5771993001302
2020-09-23 13:40:23,695 - trainer - INFO -     epoch          : 86
2020-09-23 13:40:23,695 - trainer - INFO -     loss           : 91423473.70212767
2020-09-23 13:40:23,696 - trainer - INFO -     loss_recon     : 91423148.76595744
2020-09-23 13:40:23,696 - trainer - INFO -     loss_kl        : 325.2221855001247
2020-09-23 13:40:23,696 - trainer - INFO -     val_loss       : 81239469.0
2020-09-23 13:40:23,696 - trainer - INFO -     val_loss_recon : 81239178.33333333
2020-09-23 13:40:23,696 - trainer - INFO -     val_loss_kl    : 288.9897867838542
2020-09-23 13:40:24,889 - trainer - INFO -     epoch          : 87
2020-09-23 13:40:24,889 - trainer - INFO -     loss           : 91423383.31914894
2020-09-23 13:40:24,890 - trainer - INFO -     loss_recon     : 91423058.38297872
2020-09-23 13:40:24,890 - trainer - INFO -     loss_kl        : 325.2876259012425
2020-09-23 13:40:24,890 - trainer - INFO -     val_loss       : 81239326.0
2020-09-23 13:40:24,890 - trainer - INFO -     val_loss_recon : 81239048.0
2020-09-23 13:40:24,890 - trainer - INFO -     val_loss_kl    : 278.67589314778644
2020-09-23 13:40:26,090 - trainer - INFO -     epoch          : 88
2020-09-23 13:40:26,091 - trainer - INFO -     loss           : 91423399.31914894
2020-09-23 13:40:26,091 - trainer - INFO -     loss_recon     : 91423070.46808511
2020-09-23 13:40:26,091 - trainer - INFO -     loss_kl        : 328.57873437759724
2020-09-23 13:40:26,091 - trainer - INFO -     val_loss       : 81239330.16666667
2020-09-23 13:40:26,091 - trainer - INFO -     val_loss_recon : 81239029.0
2020-09-23 13:40:26,092 - trainer - INFO -     val_loss_kl    : 300.68861389160156
2020-09-23 13:40:27,301 - trainer - INFO -     epoch          : 89
2020-09-23 13:40:27,301 - trainer - INFO -     loss           : 91423373.78723404
2020-09-23 13:40:27,301 - trainer - INFO -     loss_recon     : 91423044.76595744
2020-09-23 13:40:27,301 - trainer - INFO -     loss_kl        : 329.24085251828456
2020-09-23 13:40:27,301 - trainer - INFO -     val_loss       : 81239158.66666667
2020-09-23 13:40:27,302 - trainer - INFO -     val_loss_recon : 81238854.0
2020-09-23 13:40:27,302 - trainer - INFO -     val_loss_kl    : 304.6437301635742
2020-09-23 13:40:28,518 - trainer - INFO -     epoch          : 90
2020-09-23 13:40:28,519 - trainer - INFO -     loss           : 91423405.10638298
2020-09-23 13:40:28,519 - trainer - INFO -     loss_recon     : 91423081.70212767
2020-09-23 13:40:28,519 - trainer - INFO -     loss_kl        : 323.48609502264793
2020-09-23 13:40:28,519 - trainer - INFO -     val_loss       : 81239217.33333333
2020-09-23 13:40:28,519 - trainer - INFO -     val_loss_recon : 81238938.0
2020-09-23 13:40:28,519 - trainer - INFO -     val_loss_kl    : 278.6223907470703
2020-09-23 13:40:28,530 - trainer - INFO - Saving checkpoint: saved/models/Conv1dSpecVAE/0923_133838/checkpoint-epoch90.pth ...
2020-09-23 13:40:29,775 - trainer - INFO -     epoch          : 91
2020-09-23 13:40:29,776 - trainer - INFO -     loss           : 91423404.59574468
2020-09-23 13:40:29,776 - trainer - INFO -     loss_recon     : 91423079.14893617
2020-09-23 13:40:29,776 - trainer - INFO -     loss_kl        : 325.03024778974816
2020-09-23 13:40:29,776 - trainer - INFO -     val_loss       : 81239186.0
2020-09-23 13:40:29,776 - trainer - INFO -     val_loss_recon : 81238912.66666667
2020-09-23 13:40:29,776 - trainer - INFO -     val_loss_kl    : 274.0523312886556
2020-09-23 13:40:31,060 - trainer - INFO -     epoch          : 92
2020-09-23 13:40:31,060 - trainer - INFO -     loss           : 91423326.9787234
2020-09-23 13:40:31,060 - trainer - INFO -     loss_recon     : 91423003.23404256
2020-09-23 13:40:31,061 - trainer - INFO -     loss_kl        : 323.4260078592503
2020-09-23 13:40:31,061 - trainer - INFO -     val_loss       : 81239235.33333333
2020-09-23 13:40:31,061 - trainer - INFO -     val_loss_recon : 81238950.0
2020-09-23 13:40:31,061 - trainer - INFO -     val_loss_kl    : 284.39498647054035
2020-09-23 13:40:32,284 - trainer - INFO -     epoch          : 93
2020-09-23 13:40:32,285 - trainer - INFO -     loss           : 91423354.89361702
2020-09-23 13:40:32,285 - trainer - INFO -     loss_recon     : 91423032.85106383
2020-09-23 13:40:32,285 - trainer - INFO -     loss_kl        : 321.6349977533868
2020-09-23 13:40:32,285 - trainer - INFO -     val_loss       : 81239244.66666667
2020-09-23 13:40:32,285 - trainer - INFO -     val_loss_recon : 81238943.0
2020-09-23 13:40:32,285 - trainer - INFO -     val_loss_kl    : 302.31446329752606
2020-09-23 13:40:33,484 - trainer - INFO -     epoch          : 94
2020-09-23 13:40:33,485 - trainer - INFO -     loss           : 91423374.80851063
2020-09-23 13:40:33,485 - trainer - INFO -     loss_recon     : 91423053.95744681
2020-09-23 13:40:33,485 - trainer - INFO -     loss_kl        : 321.7054352455951
2020-09-23 13:40:33,485 - trainer - INFO -     val_loss       : 81239359.66666667
2020-09-23 13:40:33,486 - trainer - INFO -     val_loss_recon : 81239062.0
2020-09-23 13:40:33,486 - trainer - INFO -     val_loss_kl    : 295.7002538045247
2020-09-23 13:40:34,678 - trainer - INFO -     epoch          : 95
2020-09-23 13:40:34,679 - trainer - INFO -     loss           : 91423417.0212766
2020-09-23 13:40:34,679 - trainer - INFO -     loss_recon     : 91423095.4893617
2020-09-23 13:40:34,679 - trainer - INFO -     loss_kl        : 321.3950354393492
2020-09-23 13:40:34,679 - trainer - INFO -     val_loss       : 81239282.66666667
2020-09-23 13:40:34,679 - trainer - INFO -     val_loss_recon : 81238994.66666667
2020-09-23 13:40:34,680 - trainer - INFO -     val_loss_kl    : 288.86387888590497
2020-09-23 13:40:35,882 - trainer - INFO -     epoch          : 96
2020-09-23 13:40:35,883 - trainer - INFO -     loss           : 91423392.85106383
2020-09-23 13:40:35,883 - trainer - INFO -     loss_recon     : 91423068.76595744
2020-09-23 13:40:35,883 - trainer - INFO -     loss_kl        : 324.3296976292387
2020-09-23 13:40:35,883 - trainer - INFO -     val_loss       : 81239244.66666667
2020-09-23 13:40:35,883 - trainer - INFO -     val_loss_recon : 81238952.0
2020-09-23 13:40:35,883 - trainer - INFO -     val_loss_kl    : 290.8513590494792
2020-09-23 13:40:37,112 - trainer - INFO -     epoch          : 97
2020-09-23 13:40:37,112 - trainer - INFO -     loss           : 91423397.61702128
2020-09-23 13:40:37,113 - trainer - INFO -     loss_recon     : 91423077.95744681
2020-09-23 13:40:37,113 - trainer - INFO -     loss_kl        : 319.5762835563497
2020-09-23 13:40:37,113 - trainer - INFO -     val_loss       : 81239211.66666667
2020-09-23 13:40:37,113 - trainer - INFO -     val_loss_recon : 81238927.66666667
2020-09-23 13:40:37,113 - trainer - INFO -     val_loss_kl    : 283.9914271036784
2020-09-23 13:40:38,366 - trainer - INFO -     epoch          : 98
2020-09-23 13:40:38,366 - trainer - INFO -     loss           : 91423284.9361702
2020-09-23 13:40:38,367 - trainer - INFO -     loss_recon     : 91422963.91489361
2020-09-23 13:40:38,367 - trainer - INFO -     loss_kl        : 320.7736024247839
2020-09-23 13:40:38,367 - trainer - INFO -     val_loss       : 81239350.66666667
2020-09-23 13:40:38,367 - trainer - INFO -     val_loss_recon : 81239054.33333333
2020-09-23 13:40:38,367 - trainer - INFO -     val_loss_kl    : 294.78230539957684
2020-09-23 13:40:39,588 - trainer - INFO -     epoch          : 99
2020-09-23 13:40:39,588 - trainer - INFO -     loss           : 91423292.08510639
2020-09-23 13:40:39,588 - trainer - INFO -     loss_recon     : 91422971.91489361
2020-09-23 13:40:39,588 - trainer - INFO -     loss_kl        : 320.4104779831907
2020-09-23 13:40:39,588 - trainer - INFO -     val_loss       : 81239327.0
2020-09-23 13:40:39,589 - trainer - INFO -     val_loss_recon : 81239049.0
2020-09-23 13:40:39,589 - trainer - INFO -     val_loss_kl    : 277.0949122111003
2020-09-23 13:40:40,791 - trainer - INFO -     epoch          : 100
2020-09-23 13:40:40,792 - trainer - INFO -     loss           : 91423258.72340426
2020-09-23 13:40:40,792 - trainer - INFO -     loss_recon     : 91422938.38297872
2020-09-23 13:40:40,792 - trainer - INFO -     loss_kl        : 320.3357144619556
2020-09-23 13:40:40,792 - trainer - INFO -     val_loss       : 81239217.33333333
2020-09-23 13:40:40,792 - trainer - INFO -     val_loss_recon : 81238940.33333333
2020-09-23 13:40:40,792 - trainer - INFO -     val_loss_kl    : 275.49596405029297
2020-09-23 13:40:40,801 - trainer - INFO - Saving checkpoint: saved/models/Conv1dSpecVAE/0923_133838/checkpoint-epoch100.pth ...
2020-09-23 13:40:42,020 - trainer - INFO -     epoch          : 101
2020-09-23 13:40:42,021 - trainer - INFO -     loss           : 91423407.65957446
2020-09-23 13:40:42,021 - trainer - INFO -     loss_recon     : 91423087.4893617
2020-09-23 13:40:42,021 - trainer - INFO -     loss_kl        : 320.64451047207444
2020-09-23 13:40:42,021 - trainer - INFO -     val_loss       : 81239266.66666667
2020-09-23 13:40:42,021 - trainer - INFO -     val_loss_recon : 81238968.0
2020-09-23 13:40:42,022 - trainer - INFO -     val_loss_kl    : 297.5200678507487
2020-09-23 13:40:43,203 - trainer - INFO -     epoch          : 102
2020-09-23 13:40:43,204 - trainer - INFO -     loss           : 91423323.0638298
2020-09-23 13:40:43,204 - trainer - INFO -     loss_recon     : 91423003.40425532
2020-09-23 13:40:43,204 - trainer - INFO -     loss_kl        : 319.5959333054563
2020-09-23 13:40:43,204 - trainer - INFO -     val_loss       : 81239256.66666667
2020-09-23 13:40:43,205 - trainer - INFO -     val_loss_recon : 81238985.66666667
2020-09-23 13:40:43,205 - trainer - INFO -     val_loss_kl    : 269.2343101501465
2020-09-23 13:40:44,405 - trainer - INFO -     epoch          : 103
2020-09-23 13:40:44,406 - trainer - INFO -     loss           : 91423288.5106383
2020-09-23 13:40:44,406 - trainer - INFO -     loss_recon     : 91422967.65957446
2020-09-23 13:40:44,406 - trainer - INFO -     loss_kl        : 321.5164080680685
2020-09-23 13:40:44,406 - trainer - INFO -     val_loss       : 81239178.0
2020-09-23 13:40:44,406 - trainer - INFO -     val_loss_recon : 81238893.0
2020-09-23 13:40:44,406 - trainer - INFO -     val_loss_kl    : 286.379399617513
2020-09-23 13:40:45,610 - trainer - INFO -     epoch          : 104
2020-09-23 13:40:45,610 - trainer - INFO -     loss           : 91423401.53191489
2020-09-23 13:40:45,611 - trainer - INFO -     loss_recon     : 91423080.34042554
2020-09-23 13:40:45,611 - trainer - INFO -     loss_kl        : 321.2803351219664
2020-09-23 13:40:45,611 - trainer - INFO -     val_loss       : 81239341.0
2020-09-23 13:40:45,611 - trainer - INFO -     val_loss_recon : 81239038.33333333
2020-09-23 13:40:45,611 - trainer - INFO -     val_loss_kl    : 303.1722590128581
2020-09-23 13:40:46,869 - trainer - INFO -     epoch          : 105
2020-09-23 13:40:46,870 - trainer - INFO -     loss           : 91423318.29787233
2020-09-23 13:40:46,870 - trainer - INFO -     loss_recon     : 91422998.12765957
2020-09-23 13:40:46,870 - trainer - INFO -     loss_kl        : 319.56449792740193
2020-09-23 13:40:46,870 - trainer - INFO -     val_loss       : 81239243.0
2020-09-23 13:40:46,870 - trainer - INFO -     val_loss_recon : 81238939.33333333
2020-09-23 13:40:46,871 - trainer - INFO -     val_loss_kl    : 304.7388636271159
2020-09-23 13:40:48,099 - trainer - INFO -     epoch          : 106
2020-09-23 13:40:48,100 - trainer - INFO -     loss           : 91423280.59574468
2020-09-23 13:40:48,100 - trainer - INFO -     loss_recon     : 91422965.0212766
2020-09-23 13:40:48,100 - trainer - INFO -     loss_kl        : 315.3481179095329
2020-09-23 13:40:48,100 - trainer - INFO -     val_loss       : 81239332.66666667
2020-09-23 13:40:48,100 - trainer - INFO -     val_loss_recon : 81239033.0
2020-09-23 13:40:48,100 - trainer - INFO -     val_loss_kl    : 298.7085444132487
2020-09-23 13:40:49,305 - trainer - INFO -     epoch          : 107
2020-09-23 13:40:49,306 - trainer - INFO -     loss           : 91423353.53191489
2020-09-23 13:40:49,306 - trainer - INFO -     loss_recon     : 91423033.19148937
2020-09-23 13:40:49,307 - trainer - INFO -     loss_kl        : 320.1728512378449
2020-09-23 13:40:49,307 - trainer - INFO -     val_loss       : 81239208.33333333
2020-09-23 13:40:49,307 - trainer - INFO -     val_loss_recon : 81238895.33333333
2020-09-23 13:40:49,307 - trainer - INFO -     val_loss_kl    : 313.2470957438151
2020-09-23 13:40:50,504 - trainer - INFO -     epoch          : 108
2020-09-23 13:40:50,505 - trainer - INFO -     loss           : 91423258.38297872
2020-09-23 13:40:50,505 - trainer - INFO -     loss_recon     : 91422941.27659574
2020-09-23 13:40:50,505 - trainer - INFO -     loss_kl        : 317.2538108014046
2020-09-23 13:40:50,505 - trainer - INFO -     val_loss       : 81239130.66666667
2020-09-23 13:40:50,505 - trainer - INFO -     val_loss_recon : 81238867.66666667
2020-09-23 13:40:50,505 - trainer - INFO -     val_loss_kl    : 263.36866505940753
2020-09-23 13:40:51,708 - trainer - INFO -     epoch          : 109
2020-09-23 13:40:51,709 - trainer - INFO -     loss           : 91423264.17021276
2020-09-23 13:40:51,709 - trainer - INFO -     loss_recon     : 91422945.53191489
2020-09-23 13:40:51,709 - trainer - INFO -     loss_kl        : 318.37809331366356
2020-09-23 13:40:51,709 - trainer - INFO -     val_loss       : 81239232.66666667
2020-09-23 13:40:51,709 - trainer - INFO -     val_loss_recon : 81238925.0
2020-09-23 13:40:51,710 - trainer - INFO -     val_loss_kl    : 308.41944630940753
2020-09-23 13:40:52,912 - trainer - INFO -     epoch          : 110
2020-09-23 13:40:52,912 - trainer - INFO -     loss           : 91423349.10638298
2020-09-23 13:40:52,912 - trainer - INFO -     loss_recon     : 91423031.31914894
2020-09-23 13:40:52,913 - trainer - INFO -     loss_kl        : 317.76124572753906
2020-09-23 13:40:52,913 - trainer - INFO -     val_loss       : 81239314.33333333
2020-09-23 13:40:52,913 - trainer - INFO -     val_loss_recon : 81238986.33333333
2020-09-23 13:40:52,913 - trainer - INFO -     val_loss_kl    : 328.10841878255206
2020-09-23 13:40:52,921 - trainer - INFO - Saving checkpoint: saved/models/Conv1dSpecVAE/0923_133838/checkpoint-epoch110.pth ...
2020-09-23 13:40:54,124 - trainer - INFO -     epoch          : 111
2020-09-23 13:40:54,124 - trainer - INFO -     loss           : 91423360.17021276
2020-09-23 13:40:54,125 - trainer - INFO -     loss_recon     : 91423038.46808511
2020-09-23 13:40:54,125 - trainer - INFO -     loss_kl        : 321.8174321600731
2020-09-23 13:40:54,125 - trainer - INFO -     val_loss       : 81239181.33333333
2020-09-23 13:40:54,125 - trainer - INFO -     val_loss_recon : 81238916.66666667
2020-09-23 13:40:54,125 - trainer - INFO -     val_loss_kl    : 264.4249610900879
2020-09-23 13:40:55,345 - trainer - INFO -     epoch          : 112
2020-09-23 13:40:55,346 - trainer - INFO -     loss           : 91423306.72340426
2020-09-23 13:40:55,346 - trainer - INFO -     loss_recon     : 91422987.23404256
2020-09-23 13:40:55,346 - trainer - INFO -     loss_kl        : 319.29785221181015
2020-09-23 13:40:55,346 - trainer - INFO -     val_loss       : 81239242.0
2020-09-23 13:40:55,346 - trainer - INFO -     val_loss_recon : 81238931.66666667
2020-09-23 13:40:55,346 - trainer - INFO -     val_loss_kl    : 309.1258722941081
2020-09-23 13:40:56,545 - trainer - INFO -     epoch          : 113
2020-09-23 13:40:56,546 - trainer - INFO -     loss           : 91423293.95744681
2020-09-23 13:40:56,546 - trainer - INFO -     loss_recon     : 91422973.61702128
2020-09-23 13:40:56,546 - trainer - INFO -     loss_kl        : 320.1213060744265
2020-09-23 13:40:56,546 - trainer - INFO -     val_loss       : 81239333.5
2020-09-23 13:40:56,546 - trainer - INFO -     val_loss_recon : 81239001.83333333
2020-09-23 13:40:56,546 - trainer - INFO -     val_loss_kl    : 331.1488571166992
2020-09-23 13:40:57,748 - trainer - INFO -     epoch          : 114
2020-09-23 13:40:57,749 - trainer - INFO -     loss           : 91423304.17021276
2020-09-23 13:40:57,749 - trainer - INFO -     loss_recon     : 91422984.34042554
2020-09-23 13:40:57,749 - trainer - INFO -     loss_kl        : 320.136508373504
2020-09-23 13:40:57,749 - trainer - INFO -     val_loss       : 81239258.66666667
2020-09-23 13:40:57,749 - trainer - INFO -     val_loss_recon : 81238971.33333333
2020-09-23 13:40:57,749 - trainer - INFO -     val_loss_kl    : 287.3289210001628
2020-09-23 13:40:58,955 - trainer - INFO -     epoch          : 115
2020-09-23 13:40:58,956 - trainer - INFO -     loss           : 91423322.89361702
2020-09-23 13:40:58,956 - trainer - INFO -     loss_recon     : 91423004.76595744
2020-09-23 13:40:58,956 - trainer - INFO -     loss_kl        : 318.33316397159655
2020-09-23 13:40:58,956 - trainer - INFO -     val_loss       : 81239247.0
2020-09-23 13:40:58,956 - trainer - INFO -     val_loss_recon : 81238968.0
2020-09-23 13:40:58,956 - trainer - INFO -     val_loss_kl    : 279.1198450724284
2020-09-23 13:41:00,167 - trainer - INFO -     epoch          : 116
2020-09-23 13:41:00,168 - trainer - INFO -     loss           : 91423356.59574468
2020-09-23 13:41:00,168 - trainer - INFO -     loss_recon     : 91423038.12765957
2020-09-23 13:41:00,168 - trainer - INFO -     loss_kl        : 318.62990099318483
2020-09-23 13:41:00,168 - trainer - INFO -     val_loss       : 81239274.66666667
2020-09-23 13:41:00,168 - trainer - INFO -     val_loss_recon : 81238974.0
2020-09-23 13:41:00,169 - trainer - INFO -     val_loss_kl    : 300.13167572021484
2020-09-23 13:41:01,391 - trainer - INFO -     epoch          : 117
2020-09-23 13:41:01,391 - trainer - INFO -     loss           : 91423363.23404256
2020-09-23 13:41:01,391 - trainer - INFO -     loss_recon     : 91423043.0638298
2020-09-23 13:41:01,391 - trainer - INFO -     loss_kl        : 320.10519214386636
2020-09-23 13:41:01,392 - trainer - INFO -     val_loss       : 81239338.66666667
2020-09-23 13:41:01,392 - trainer - INFO -     val_loss_recon : 81239049.33333333
2020-09-23 13:41:01,392 - trainer - INFO -     val_loss_kl    : 288.4025065104167
2020-09-23 13:41:02,591 - trainer - INFO -     epoch          : 118
2020-09-23 13:41:02,592 - trainer - INFO -     loss           : 91423330.89361702
2020-09-23 13:41:02,592 - trainer - INFO -     loss_recon     : 91423012.59574468
2020-09-23 13:41:02,593 - trainer - INFO -     loss_kl        : 318.69955768991025
2020-09-23 13:41:02,593 - trainer - INFO -     val_loss       : 81239215.0
2020-09-23 13:41:02,593 - trainer - INFO -     val_loss_recon : 81238917.66666667
2020-09-23 13:41:02,593 - trainer - INFO -     val_loss_kl    : 297.6770884195964
2020-09-23 13:41:03,809 - trainer - INFO -     epoch          : 119
2020-09-23 13:41:03,810 - trainer - INFO -     loss           : 91423306.72340426
2020-09-23 13:41:03,810 - trainer - INFO -     loss_recon     : 91422984.34042554
2020-09-23 13:41:03,810 - trainer - INFO -     loss_kl        : 322.720278800802
2020-09-23 13:41:03,810 - trainer - INFO -     val_loss       : 81239188.0
2020-09-23 13:41:03,811 - trainer - INFO -     val_loss_recon : 81238881.33333333
2020-09-23 13:41:03,811 - trainer - INFO -     val_loss_kl    : 306.5652821858724
2020-09-23 13:41:05,025 - trainer - INFO -     epoch          : 120
2020-09-23 13:41:05,026 - trainer - INFO -     loss           : 91423328.5106383
2020-09-23 13:41:05,026 - trainer - INFO -     loss_recon     : 91423008.68085106
2020-09-23 13:41:05,026 - trainer - INFO -     loss_kl        : 320.0367145944149
2020-09-23 13:41:05,026 - trainer - INFO -     val_loss       : 81239283.66666667
2020-09-23 13:41:05,026 - trainer - INFO -     val_loss_recon : 81239003.16666667
2020-09-23 13:41:05,026 - trainer - INFO -     val_loss_kl    : 282.4142786661784
2020-09-23 13:41:05,035 - trainer - INFO - Saving checkpoint: saved/models/Conv1dSpecVAE/0923_133838/checkpoint-epoch120.pth ...
2020-09-23 13:41:06,337 - trainer - INFO -     epoch          : 121
2020-09-23 13:41:06,337 - trainer - INFO -     loss           : 91423272.5106383
2020-09-23 13:41:06,338 - trainer - INFO -     loss_recon     : 91422953.0212766
2020-09-23 13:41:06,338 - trainer - INFO -     loss_kl        : 319.5772211602394
2020-09-23 13:41:06,338 - trainer - INFO -     val_loss       : 81239188.66666667
2020-09-23 13:41:06,338 - trainer - INFO -     val_loss_recon : 81238872.0
2020-09-23 13:41:06,338 - trainer - INFO -     val_loss_kl    : 316.01271565755206
2020-09-23 13:41:07,546 - trainer - INFO -     epoch          : 122
2020-09-23 13:41:07,546 - trainer - INFO -     loss           : 91423311.31914894
2020-09-23 13:41:07,547 - trainer - INFO -     loss_recon     : 91422996.59574468
2020-09-23 13:41:07,547 - trainer - INFO -     loss_kl        : 315.13312709077877
2020-09-23 13:41:07,547 - trainer - INFO -     val_loss       : 81239199.0
2020-09-23 13:41:07,547 - trainer - INFO -     val_loss_recon : 81238910.33333333
2020-09-23 13:41:07,547 - trainer - INFO -     val_loss_kl    : 289.0078633626302
2020-09-23 13:41:08,778 - trainer - INFO -     epoch          : 123
2020-09-23 13:41:08,778 - trainer - INFO -     loss           : 91423298.72340426
2020-09-23 13:41:08,779 - trainer - INFO -     loss_recon     : 91422976.5106383
2020-09-23 13:41:08,779 - trainer - INFO -     loss_kl        : 322.24101841703373
2020-09-23 13:41:08,779 - trainer - INFO -     val_loss       : 81239357.66666667
2020-09-23 13:41:08,779 - trainer - INFO -     val_loss_recon : 81239062.66666667
2020-09-23 13:41:08,779 - trainer - INFO -     val_loss_kl    : 295.9264907836914
2020-09-23 13:41:10,078 - trainer - INFO -     epoch          : 124
2020-09-23 13:41:10,079 - trainer - INFO -     loss           : 91423251.91489361
2020-09-23 13:41:10,079 - trainer - INFO -     loss_recon     : 91422933.78723404
2020-09-23 13:41:10,079 - trainer - INFO -     loss_kl        : 317.797509700694
2020-09-23 13:41:10,079 - trainer - INFO -     val_loss       : 81239259.33333333
2020-09-23 13:41:10,079 - trainer - INFO -     val_loss_recon : 81238956.66666667
2020-09-23 13:41:10,079 - trainer - INFO -     val_loss_kl    : 302.3712615966797
2020-09-23 13:41:11,400 - trainer - INFO -     epoch          : 125
2020-09-23 13:41:11,401 - trainer - INFO -     loss           : 91423347.74468085
2020-09-23 13:41:11,401 - trainer - INFO -     loss_recon     : 91423027.40425532
2020-09-23 13:41:11,401 - trainer - INFO -     loss_kl        : 320.12714337288065
2020-09-23 13:41:11,401 - trainer - INFO -     val_loss       : 81239273.66666667
2020-09-23 13:41:11,401 - trainer - INFO -     val_loss_recon : 81238963.33333333
2020-09-23 13:41:11,401 - trainer - INFO -     val_loss_kl    : 310.15210978190106
2020-09-23 13:41:12,678 - trainer - INFO -     epoch          : 126
2020-09-23 13:41:12,678 - trainer - INFO -     loss           : 91423215.31914894
2020-09-23 13:41:12,679 - trainer - INFO -     loss_recon     : 91422899.23404256
2020-09-23 13:41:12,679 - trainer - INFO -     loss_kl        : 316.64077791254573
2020-09-23 13:41:12,679 - trainer - INFO -     val_loss       : 81239269.0
2020-09-23 13:41:12,679 - trainer - INFO -     val_loss_recon : 81238989.66666667
2020-09-23 13:41:12,679 - trainer - INFO -     val_loss_kl    : 279.80785369873047
2020-09-23 13:41:13,892 - trainer - INFO -     epoch          : 127
2020-09-23 13:41:13,892 - trainer - INFO -     loss           : 91423234.38297872
2020-09-23 13:41:13,892 - trainer - INFO -     loss_recon     : 91422913.87234043
2020-09-23 13:41:13,892 - trainer - INFO -     loss_kl        : 320.5142659938082
2020-09-23 13:41:13,893 - trainer - INFO -     val_loss       : 81239247.0
2020-09-23 13:41:13,893 - trainer - INFO -     val_loss_recon : 81238965.66666667
2020-09-23 13:41:13,893 - trainer - INFO -     val_loss_kl    : 280.23784891764325
2020-09-23 13:41:15,053 - trainer - INFO -     epoch          : 128
2020-09-23 13:41:15,054 - trainer - INFO -     loss           : 91423341.95744681
2020-09-23 13:41:15,054 - trainer - INFO -     loss_recon     : 91423026.38297872
2020-09-23 13:41:15,054 - trainer - INFO -     loss_kl        : 315.4183187281832
2020-09-23 13:41:15,054 - trainer - INFO -     val_loss       : 81239348.33333333
2020-09-23 13:41:15,054 - trainer - INFO -     val_loss_recon : 81239012.33333333
2020-09-23 13:41:15,055 - trainer - INFO -     val_loss_kl    : 335.06945037841797
2020-09-23 13:41:16,215 - trainer - INFO -     epoch          : 129
2020-09-23 13:41:16,216 - trainer - INFO -     loss           : 91423325.95744681
2020-09-23 13:41:16,216 - trainer - INFO -     loss_recon     : 91423008.34042554
2020-09-23 13:41:16,216 - trainer - INFO -     loss_kl        : 317.47301272128493
2020-09-23 13:41:16,216 - trainer - INFO -     val_loss       : 81239234.0
2020-09-23 13:41:16,216 - trainer - INFO -     val_loss_recon : 81238934.66666667
2020-09-23 13:41:16,217 - trainer - INFO -     val_loss_kl    : 297.6588821411133
2020-09-23 13:41:16,217 - trainer - INFO - Validation performance didn't improve for 20 epochs. Training stops.
